{"contracts/PiggyBank.sol":{"l":{"14":3,"15":3,"16":3,"20":1,"24":1,"28":8,"29":6,"33":3,"34":3,"38":3,"39":1,"43":3,"44":1,"45":1,"46":1,"47":1,"52":1,"54":1,"55":1,"65":4,"69":2},"path":"/Users/waqasa/Desktop/University of Malta/5402_5ECTS Verification Techniques for Smart Contracts/dlt_verification_techniques/testing/PiggyBank/contracts/PiggyBank.sol","s":{"1":3,"2":3,"3":3,"4":1,"5":1,"6":8,"7":3,"8":3,"9":3,"10":1,"11":1,"12":1,"13":1,"14":1,"15":1,"16":1,"17":4,"18":2},"b":{"1":[6,2],"2":[3,0],"3":[1,2],"4":[1,2],"5":[1,0],"6":[1,0]},"f":{"1":3,"2":1,"3":1,"4":8,"5":3,"6":3,"7":3,"8":1,"9":4,"10":2},"fnMap":{"1":{"name":"constructor","line":13,"loc":{"start":{"line":13,"column":4},"end":{"line":17,"column":4}}},"2":{"name":"setOwnerAccount","line":19,"loc":{"start":{"line":19,"column":4},"end":{"line":21,"column":4}}},"3":{"name":"setDelayUntilBreak","line":23,"loc":{"start":{"line":23,"column":4},"end":{"line":25,"column":4}}},"4":{"name":"byOwner","line":27,"loc":{"start":{"line":27,"column":4},"end":{"line":30,"column":4}}},"5":{"name":"notBroken","line":32,"loc":{"start":{"line":32,"column":4},"end":{"line":35,"column":4}}},"6":{"name":"inUse","line":37,"loc":{"start":{"line":37,"column":4},"end":{"line":40,"column":4}}},"7":{"name":"addMoney","line":42,"loc":{"start":{"line":42,"column":4},"end":{"line":49,"column":4}}},"8":{"name":"breakPiggyBank","line":51,"loc":{"start":{"line":51,"column":4},"end":{"line":58,"column":4}}},"9":{"name":"balanceOf","line":63,"loc":{"start":{"line":63,"column":4},"end":{"line":66,"column":4}}},"10":{"name":"getState","line":68,"loc":{"start":{"line":68,"column":4},"end":{"line":70,"column":4}}}},"statementMap":{"1":{"start":{"line":14,"column":8},"end":{"line":14,"column":21}},"2":{"start":{"line":15,"column":8},"end":{"line":15,"column":36}},"3":{"start":{"line":16,"column":8},"end":{"line":16,"column":18}},"4":{"start":{"line":20,"column":8},"end":{"line":20,"column":24}},"5":{"start":{"line":24,"column":8},"end":{"line":24,"column":41}},"6":{"start":{"line":28,"column":8},"end":{"line":28,"column":66}},"7":{"start":{"line":33,"column":8},"end":{"line":33,"column":77}},"8":{"start":{"line":38,"column":8},"end":{"line":38,"column":72}},"9":{"start":{"line":43,"column":8},"end":{"line":43,"column":75}},"10":{"start":{"line":44,"column":8},"end":{"line":44,"column":27}},"11":{"start":{"line":45,"column":8},"end":{"line":45,"column":1179}},"12":{"start":{"line":46,"column":12},"end":{"line":46,"column":39}},"13":{"start":{"line":47,"column":12},"end":{"line":47,"column":35}},"14":{"start":{"line":52,"column":8},"end":{"line":52,"column":119}},"15":{"start":{"line":54,"column":8},"end":{"line":54,"column":36}},"16":{"start":{"line":55,"column":8},"end":{"line":55,"column":30}},"17":{"start":{"line":65,"column":8},"end":{"line":65,"column":39}},"18":{"start":{"line":69,"column":8},"end":{"line":69,"column":20}}},"branchMap":{"1":{"line":28,"type":"if","locations":[{"start":{"line":28,"column":8},"end":{"line":28,"column":8}},{"start":{"line":28,"column":8},"end":{"line":28,"column":8}}]},"2":{"line":33,"type":"if","locations":[{"start":{"line":33,"column":8},"end":{"line":33,"column":8}},{"start":{"line":33,"column":8},"end":{"line":33,"column":8}}]},"3":{"line":38,"type":"if","locations":[{"start":{"line":38,"column":8},"end":{"line":38,"column":8}},{"start":{"line":38,"column":8},"end":{"line":38,"column":8}}]},"4":{"line":43,"type":"if","locations":[{"start":{"line":43,"column":8},"end":{"line":43,"column":8}},{"start":{"line":43,"column":8},"end":{"line":43,"column":8}}]},"5":{"line":45,"type":"if","locations":[{"start":{"line":45,"column":8},"end":{"line":45,"column":8}},{"start":{"line":45,"column":8},"end":{"line":45,"column":8}}]},"6":{"line":52,"type":"if","locations":[{"start":{"line":52,"column":8},"end":{"line":52,"column":8}},{"start":{"line":52,"column":8},"end":{"line":52,"column":8}}]}}}}