{"contracts/Escrow.sol":{"l":{"22":16,"23":8,"27":10,"28":8,"33":3,"34":3,"35":3,"37":3,"38":3,"41":3,"45":1,"49":1,"53":1,"57":3,"60":1,"61":1,"64":1,"68":2,"69":2,"73":3,"74":3,"77":1,"80":1,"83":1},"path":"/Users/waqasa/Desktop/University of Malta/5402_5ECTS Verification Techniques for Smart Contracts/dlt_verification_techniques/testing/Escrow/contracts/Escrow.sol","s":{"1":16,"2":10,"3":3,"4":3,"5":3,"6":3,"7":3,"8":3,"9":1,"10":1,"11":1,"12":3,"13":1,"14":1,"15":1,"16":2,"17":1,"18":2,"19":1,"20":3,"21":3,"22":1,"23":1,"24":1},"b":{"1":[8,8],"2":[8,2],"3":[1,2],"4":[1,1],"5":[1,1],"6":[3,0],"7":[1,2]},"f":{"1":16,"2":10,"3":3,"4":1,"5":1,"6":1,"7":3,"8":2,"9":3},"fnMap":{"1":{"name":"by","line":21,"loc":{"start":{"line":21,"column":4},"end":{"line":24,"column":4}}},"2":{"name":"stateIs","line":26,"loc":{"start":{"line":26,"column":4},"end":{"line":29,"column":4}}},"3":{"name":"constructor","line":31,"loc":{"start":{"line":31,"column":4},"end":{"line":42,"column":4}}},"4":{"name":"setSenderAccount","line":44,"loc":{"start":{"line":44,"column":4},"end":{"line":46,"column":4}}},"5":{"name":"setReceiverAccount","line":48,"loc":{"start":{"line":48,"column":4},"end":{"line":50,"column":4}}},"6":{"name":"setReleaseTime","line":52,"loc":{"start":{"line":52,"column":4},"end":{"line":54,"column":4}}},"7":{"name":"placeInEscrow","line":56,"loc":{"start":{"line":56,"column":4},"end":{"line":65,"column":4}}},"8":{"name":"releaseEscrow","line":67,"loc":{"start":{"line":67,"column":4},"end":{"line":70,"column":4}}},"9":{"name":"withdrawFromEscrow","line":72,"loc":{"start":{"line":72,"column":4},"end":{"line":84,"column":4}}}},"statementMap":{"1":{"start":{"line":22,"column":8},"end":{"line":22,"column":92}},"2":{"start":{"line":27,"column":8},"end":{"line":27,"column":87}},"3":{"start":{"line":33,"column":8},"end":{"line":33,"column":23}},"4":{"start":{"line":34,"column":8},"end":{"line":34,"column":27}},"5":{"start":{"line":35,"column":8},"end":{"line":35,"column":45}},"6":{"start":{"line":37,"column":8},"end":{"line":37,"column":31}},"7":{"start":{"line":38,"column":8},"end":{"line":38,"column":33}},"8":{"start":{"line":41,"column":8},"end":{"line":41,"column":36}},"9":{"start":{"line":45,"column":8},"end":{"line":45,"column":26}},"10":{"start":{"line":49,"column":8},"end":{"line":49,"column":30}},"11":{"start":{"line":53,"column":8},"end":{"line":53,"column":33}},"12":{"start":{"line":57,"column":8},"end":{"line":57,"column":76}},"13":{"start":{"line":60,"column":8},"end":{"line":60,"column":33}},"14":{"start":{"line":61,"column":8},"end":{"line":61,"column":44}},"15":{"start":{"line":64,"column":8},"end":{"line":64,"column":34}},"16":{"start":{"line":68,"column":8},"end":{"line":68,"column":65}},"17":{"start":{"line":68,"column":38},"end":{"line":68,"column":62}},"18":{"start":{"line":69,"column":8},"end":{"line":69,"column":65}},"19":{"start":{"line":69,"column":38},"end":{"line":69,"column":62}},"20":{"start":{"line":73,"column":8},"end":{"line":73,"column":87}},"21":{"start":{"line":74,"column":8},"end":{"line":74,"column":118}},"22":{"start":{"line":77,"column":8},"end":{"line":77,"column":30}},"23":{"start":{"line":80,"column":8},"end":{"line":80,"column":40}},"24":{"start":{"line":83,"column":8},"end":{"line":83,"column":25}}},"branchMap":{"1":{"line":22,"type":"if","locations":[{"start":{"line":22,"column":8},"end":{"line":22,"column":8}},{"start":{"line":22,"column":8},"end":{"line":22,"column":8}}]},"2":{"line":27,"type":"if","locations":[{"start":{"line":27,"column":8},"end":{"line":27,"column":8}},{"start":{"line":27,"column":8},"end":{"line":27,"column":8}}]},"3":{"line":57,"type":"if","locations":[{"start":{"line":57,"column":8},"end":{"line":57,"column":8}},{"start":{"line":57,"column":8},"end":{"line":57,"column":8}}]},"4":{"line":68,"type":"if","locations":[{"start":{"line":68,"column":8},"end":{"line":68,"column":8}},{"start":{"line":68,"column":8},"end":{"line":68,"column":8}}]},"5":{"line":69,"type":"if","locations":[{"start":{"line":69,"column":8},"end":{"line":69,"column":8}},{"start":{"line":69,"column":8},"end":{"line":69,"column":8}}]},"6":{"line":73,"type":"if","locations":[{"start":{"line":73,"column":8},"end":{"line":73,"column":8}},{"start":{"line":73,"column":8},"end":{"line":73,"column":8}}]},"7":{"line":74,"type":"if","locations":[{"start":{"line":74,"column":8},"end":{"line":74,"column":8}},{"start":{"line":74,"column":8},"end":{"line":74,"column":8}}]}}}}